2019-05-28 09:48:33,463 INFO Let the games begin
2019-05-28 09:48:33,464 INFO Using rcropfixed aug with params None
2019-05-28 09:48:33,987 INFO Using sgd optimizer
2019-05-28 09:48:33,988 INFO Using non tree optimizer SGD (
Parameter Group 0
    dampening: 0
    lr: 0.01
    momentum: 0
    nesterov: False
    weight_decay: 0
)
2019-05-28 09:48:33,988 INFO Using sgd optimizer
2019-05-28 09:48:33,988 INFO Using non tree optimizer SGD (
Parameter Group 0
    dampening: 0
    lr: 0.01
    momentum: 0
    nesterov: False
    weight_decay: 0
)
2019-05-28 09:48:33,988 INFO Using tree_loss with {} params
2019-05-28 09:48:33,988 INFO Using loss functools.partial(<function tree_loss at 0x7f5c994516a8>)
2019-05-28 09:48:36,463 INFO Epoch [1/1000] Iter [2/1000] IterNonTreeLoss: 2.4171  IterTreeLoss: 7.9402  Time/Image: 0.5831
2019-05-28 09:48:38,822 INFO Epoch [1/1000] Iter [4/1000] IterNonTreeLoss: 2.4105  IterTreeLoss: 8.5955  Time/Image: 0.5816
2019-05-28 09:48:41,218 INFO Epoch [1/1000] Iter [6/1000] IterNonTreeLoss: 2.3849  IterTreeLoss: 8.4627  Time/Image: 0.5737
2019-05-28 09:48:43,573 INFO Epoch [1/1000] Iter [8/1000] IterNonTreeLoss: 2.3574  IterTreeLoss: 7.7521  Time/Image: 0.5763
2019-05-28 09:48:45,919 INFO Epoch [1/1000] Iter [10/1000] IterNonTreeLoss: 2.3553  IterTreeLoss: 7.0381  Time/Image: 0.5801
2019-05-28 09:48:46,703 INFO Iter 10 Non Tree Val Loss: 8.7909
2019-05-28 09:48:46,703 INFO Iter 10 Non Tree Loss: 2.3890
2019-05-28 09:48:46,703 INFO Iter 10 Tree Val Loss: 8.1700
2019-05-28 09:48:46,703 INFO Iter 10 Tree Loss: 7.9476
2019-05-28 09:48:47,559 INFO nontree scores:
2019-05-28 09:48:47,560 INFO Overall Acc: 	: 0.00103759765625
2019-05-28 09:48:47,560 INFO Mean Acc : 	: 0.12691151954226437
2019-05-28 09:48:47,560 INFO FreqW Acc : 	: 0.00023404026154880185
2019-05-28 09:48:47,560 INFO Mean IoU : 	: 0.00047012059292710263
2019-05-28 09:48:47,560 INFO 0: 0.0
2019-05-28 09:48:47,560 INFO 1: 0.0
2019-05-28 09:48:47,560 INFO 2: 0.0
2019-05-28 09:48:47,560 INFO 3: 0.0019891500904159133
2019-05-28 09:48:47,560 INFO 4: 0.0
2019-05-28 09:48:47,560 INFO 5: 0.0
2019-05-28 09:48:47,560 INFO 6: 0.0
2019-05-28 09:48:47,560 INFO 7: 0.0
2019-05-28 09:48:47,560 INFO 8: 0.00018816445573431178
2019-05-28 09:48:47,560 INFO 9: 0.0
2019-05-28 09:48:47,560 INFO 10: 0.0029940119760479044
2019-05-28 09:48:47,560 INFO tree scores:
2019-05-28 09:48:47,560 INFO Overall Acc: 	: 0.81494140625
2019-05-28 09:48:47,561 INFO Mean Acc : 	: 0.09090909090909091
2019-05-28 09:48:47,561 INFO FreqW Acc : 	: 0.6641294956207275
2019-05-28 09:48:47,561 INFO Mean IoU : 	: 0.07408558238636363
2019-05-28 09:48:47,561 INFO 0: 0.81494140625
2019-05-28 09:48:47,561 INFO 1: 0.0
2019-05-28 09:48:47,561 INFO 2: 0.0
2019-05-28 09:48:47,561 INFO 3: 0.0
2019-05-28 09:48:47,561 INFO 4: 0.0
2019-05-28 09:48:47,561 INFO 5: 0.0
2019-05-28 09:48:47,561 INFO 6: 0.0
2019-05-28 09:48:47,561 INFO 7: 0.0
2019-05-28 09:48:47,561 INFO 8: 0.0
2019-05-28 09:48:47,561 INFO 9: 0.0
2019-05-28 09:48:47,561 INFO 10: 0.0
2019-05-28 09:48:49,938 INFO Epoch [1/1000] Iter [12/1000] IterNonTreeLoss: 2.3277  IterTreeLoss: 6.9904  Time/Image: 0.5795
2019-05-28 09:48:52,364 INFO Epoch [1/1000] Iter [14/1000] IterNonTreeLoss: 2.2768  IterTreeLoss: 5.7844  Time/Image: 0.5936
2019-05-28 09:48:55,507 INFO Epoch [1/1000] Iter [16/1000] IterNonTreeLoss: 2.2802  IterTreeLoss: 5.7605  Time/Image: 0.7687
