2019-05-28 12:20:15,137 INFO Using rcropfixed aug with params None
2019-05-28 12:20:15,949 INFO Using sgd optimizer
2019-05-28 12:20:15,950 INFO Using non tree optimizer SGD (
Parameter Group 0
    dampening: 0
    lr: 0.01
    momentum: 0
    nesterov: False
    weight_decay: 0
)
2019-05-28 12:20:15,950 INFO Using sgd optimizer
2019-05-28 12:20:15,950 INFO Using non tree optimizer SGD (
Parameter Group 0
    dampening: 0
    lr: 0.01
    momentum: 0
    nesterov: False
    weight_decay: 0
)
2019-05-28 12:20:15,950 INFO Using tree_loss with {} params
2019-05-28 12:20:15,950 INFO Using loss functools.partial(<function tree_loss at 0x7f80ee40a6a8>)
2019-05-28 12:20:21,900 INFO Epoch [1/1000] Iter [2/1000] IterNonTreeLoss: 2.4171  IterTreeLoss: 7.9402  Time/Image: 1.4633
2019-05-28 12:20:21,900 INFO Using rcropfixed aug with params None
2019-05-28 12:20:30,891 INFO Epoch [1/1000] Iter [4/1000] IterNonTreeLoss: 2.4103  IterTreeLoss: 8.5998  Time/Image: 1.8256
2019-05-28 12:20:30,892 INFO Using rcropfixed aug with params None
