2019-05-28 12:24:34,066 INFO Using rcropfixed aug with params None
2019-05-28 12:24:34,869 INFO Using sgd optimizer
2019-05-28 12:24:34,870 INFO Using non tree optimizer SGD (
Parameter Group 0
    dampening: 0
    lr: 0.01
    momentum: 0
    nesterov: False
    weight_decay: 0
)
2019-05-28 12:24:34,870 INFO Using sgd optimizer
2019-05-28 12:24:34,870 INFO Using non tree optimizer SGD (
Parameter Group 0
    dampening: 0
    lr: 0.01
    momentum: 0
    nesterov: False
    weight_decay: 0
)
2019-05-28 12:24:34,871 INFO Using tree_loss with {} params
2019-05-28 12:24:34,871 INFO Using loss functools.partial(<function tree_loss at 0x7fc34b6786a8>)
2019-05-28 12:24:40,561 INFO Epoch [1/1000] Iter [2/1000] IterNonTreeLoss: 2.4171  IterTreeLoss: 7.9402  Time/Image: 1.4053
2019-05-28 12:24:40,562 INFO Using rcropfixed aug with params None
2019-05-28 12:24:49,234 INFO Epoch [1/1000] Iter [4/1000] IterNonTreeLoss: 2.4103  IterTreeLoss: 8.5998  Time/Image: 1.7126
2019-05-28 12:24:49,234 INFO Using rcropfixed aug with params None
